

Microchip MPLAB XC8 Assembler V2.46 build 20240104201356 
                                                                                                           Mon May 06 23:27:35 2024


     1                           	processor	18F47K42
     2                           	pagewidth 132
     3                           	psect	const,global,reloc=2,class=CONST,delta=1,noexec
     4                           	psect	smallconst,global,reloc=2,class=SMALLCONST,delta=1,noexec
     5                           	psect	mediumconst,global,reloc=2,class=MEDIUMCONST,delta=1,noexec
     6                           	psect	rbss,global,class=COMRAM,space=1,delta=1,noexec
     7                           	psect	bss,global,class=RAM,space=1,delta=1,noexec
     8                           	psect	rdata,global,class=COMRAM,space=1,delta=1,noexec
     9                           	psect	irdata,global,reloc=2,class=CODE,delta=1,noexec
    10                           	psect	data,global,class=RAM,space=1,delta=1,noexec
    11                           	psect	idata,global,reloc=2,class=CODE,delta=1,noexec
    12                           	psect	nvrram,global,class=COMRAM,space=1,delta=1,noexec
    13                           	psect	nvbit,global,bit,class=COMRAM,space=1,delta=1,noexec
    14                           	psect	temp,global,ovrld,class=COMRAM,space=1,delta=1,noexec
    15                           	psect	struct,global,ovrld,class=COMRAM,space=1,delta=1,noexec
    16                           	psect	rbit,global,bit,class=COMRAM,space=1,delta=1,noexec
    17                           	psect	bigbss,global,class=BIGRAM,space=1,delta=1,noexec
    18                           	psect	bigdata,global,class=BIGRAM,space=1,delta=1,noexec
    19                           	psect	ibigdata,global,reloc=2,class=CODE,delta=1,noexec
    20                           	psect	farbss,global,reloc=2,class=FARRAM,delta=1,noexec
    21                           	psect	nvFARRAM,global,reloc=2,class=FARRAM,delta=1,noexec
    22                           	psect	fardata,global,reloc=2,class=FARRAM,delta=1,noexec
    23                           	psect	ifardata,global,reloc=2,class=CODE,delta=1,noexec
    24                           	psect	reset_vec,global,reloc=2,class=CODE,delta=1
    25                           	psect	powerup,global,reloc=2,class=CODE,delta=1
    26                           	psect	init,global,reloc=2,class=CODE,delta=1
    27                           	psect	text,global,reloc=2,class=CODE,delta=1
    28                           	psect	clrtext,global,reloc=2,class=CODE,delta=1
    29                           	psect	config,global,class=CONFIG,space=4,delta=1,noexec
    30                           	psect	idloc,global,class=IDLOC,space=5,delta=1,noexec
    31                           	psect	eeprom_data,global,class=EEDATA,delta=1,noexec
    32                           	psect	ramtop,global,class=RAM,delta=1,noexec
    33                           	psect	stack,global,class=STACK,space=2,delta=1,noexec
    34                           	psect	heap,global,class=HEAP,space=7,delta=1,noexec
    35                           	psect	comram,global,class=COMRAM,space=1,delta=1
    36                           	psect	abs1,global,class=ABS1,space=1,delta=1
    37                           	psect	bigram,global,class=BIGRAM,space=1,delta=1
    38                           	psect	ram,global,class=RAM,space=1,delta=1
    39                           	psect	bank0,global,class=BANK0,space=1,delta=1
    40                           	psect	bank1,global,class=BANK1,space=1,delta=1
    41                           	psect	bank2,global,class=BANK2,space=1,delta=1
    42                           	psect	bank3,global,class=BANK3,space=1,delta=1
    43                           	psect	bank4,global,class=BANK4,space=1,delta=1
    44                           	psect	bank5,global,class=BANK5,space=1,delta=1
    45                           	psect	bank6,global,class=BANK6,space=1,delta=1
    46                           	psect	bank7,global,class=BANK7,space=1,delta=1
    47                           	psect	bank8,global,class=BANK8,space=1,delta=1
    48                           	psect	bank9,global,class=BANK9,space=1,delta=1
    49                           	psect	bank10,global,class=BANK10,space=1,delta=1
    50                           	psect	bank11,global,class=BANK11,space=1,delta=1
    51                           	psect	bank12,global,class=BANK12,space=1,delta=1
    52                           	psect	bank13,global,class=BANK13,space=1,delta=1
    53                           	psect	bank14,global,class=BANK14,space=1,delta=1
    54                           	psect	bank15,global,class=BANK15,space=1,delta=1
    55                           	psect	bank16,global,class=BANK16,space=1,delta=1
    56                           	psect	bank17,global,class=BANK17,space=1,delta=1
    57                           	psect	bank18,global,class=BANK18,space=1,delta=1
    58                           	psect	bank19,global,class=BANK19,space=1,delta=1
    59                           	psect	bank20,global,class=BANK20,space=1,delta=1
    60                           	psect	bank21,global,class=BANK21,space=1,delta=1
    61                           	psect	bank22,global,class=BANK22,space=1,delta=1
    62                           	psect	bank23,global,class=BANK23,space=1,delta=1
    63                           	psect	bank24,global,class=BANK24,space=1,delta=1
    64                           	psect	bank25,global,class=BANK25,space=1,delta=1
    65                           	psect	bank26,global,class=BANK26,space=1,delta=1
    66                           	psect	bank27,global,class=BANK27,space=1,delta=1
    67                           	psect	bank28,global,class=BANK28,space=1,delta=1
    68                           	psect	bank29,global,class=BANK29,space=1,delta=1
    69                           	psect	bank30,global,class=BANK30,space=1,delta=1
    70                           	psect	bank31,global,class=BANK31,space=1,delta=1
    71                           	psect	sfr,global,class=SFR,space=1,delta=1
    72                           	psect	bigsfr,global,class=BIGSFR,space=1,delta=1
    73                           
    74                           ; Microchip MPLAB XC8 C Compiler V2.46
    75                           ; Copyright (C) 2024 Microchip Technology Inc.
    76                           ; Auto-generated runtime startup code for final link stage.
    77                           ;
    78                           ; Compiler options:
    79                           ;
    80                           ; -q --opt=none --chip=18f47k42 \
    81                           ; -Mdist/default/production/MCC_UART.X.production.map \
    82                           ; -DXPRJ_default=default -L--defsym=__MPLAB_BUILD=1 \
    83                           ; --dfp=D:/SSU/packs/Microchip/PIC18F-K_DFP/1.13.292/xc8 --opt=+asmfile \
    84                           ; --addrqual=ignore -P --warn=-3 --asmlist --std=c99 \
    85                           ; --output=+elf:multilocs --stack=compiled:auto:auto:auto \
    86                           ; --summary=+xml --summarydir=dist/default/production/memoryfile.xml \
    87                           ; -oMCC_UART.X.production.elf --objdir=dist/default/production \
    88                           ; --outdir=dist/default/production \
    89                           ; build/default/production/mcc_generated_files/system/src/system.p1 \
    90                           ; build/default/production/mcc_generated_files/system/src/config_bits.p1 \
    91                           ; build/default/production/mcc_generated_files/system/src/clock.p1 \
    92                           ; build/default/production/mcc_generated_files/system/src/pins.p1 \
    93                           ; build/default/production/mcc_generated_files/system/src/interrupt.p1 \
    94                           ; build/default/production/mcc_generated_files/uart/src/uart2.p1 \
    95                           ; build/default/production/main.p1 -L--fixupoverflow=error \
    96                           ; --callgraph=none --errformat=%f:%l:%c: error: (%n) %s \
    97                           ; --warnformat=%f:%l:%c: warning: (%n) %s \
    98                           ; --msgformat=%f:%l:%c: advisory: (%n) %s
    99                           ;
   100   000000                     
   101                           ; Generated 12/10/2023 GMT
   102                           ; 
   103                           ; Copyright © 2023, Microchip Technology Inc. and its subsidiaries ("Microchip")
   104                           ; All rights reserved.
   105                           ; 
   106                           ; This software is developed by Microchip Technology Inc. and its subsidiaries ("Microchip").
   107                           ; 
   108                           ; Redistribution and use in source and binary forms, with or without modification, are
   109                           ; permitted provided that the following conditions are met:
   110                           ; 
   111                           ;     1. Redistributions of source code must retain the above copyright notice, this list of
   112                           ;        conditions and the following disclaimer.
   113                           ; 
   114                           ;     2. Redistributions in binary form must reproduce the above copyright notice, this list
   115                           ;        of conditions and the following disclaimer in the documentation and/or other
   116                           ;        materials provided with the distribution. Publication is not required when
   117                           ;        this file is used in an embedded application.
   118                           ; 
   119                           ;     3. Microchip's name may not be used to endorse or promote products derived from this
   120                           ;        software without specific prior written permission.
   121                           ; 
   122                           ; THIS SOFTWARE IS PROVIDED BY MICROCHIP "AS IS" AND ANY EXPRESS OR IMPLIED WARRANTIES,
   123                           ; INCLUDING, BUT NOT LIMITED TO, THE IMPLIED WARRANTIES OF MERCHANTABILITY AND FITNESS FOR
   124                           ; PURPOSE ARE DISCLAIMED.  IN NO EVENT SHALL MICROCHIP BE LIABLE FOR ANY DIRECT, INDIRECT,
   125                           ; INCIDENTAL, SPECIAL, EXEMPLARY, OR CONSEQUENTIAL DAMAGES (INCLUDING BUT NOT LIMITED TO
   126                           ; PROCUREMENT OF SUBSTITUTE GOODS OR SERVICES; LOSS OF USE, DATA OR PROFITS; OR BUSINESS
   127                           ; INTERRUPTION) HOWSOEVER CAUSED AND ON ANY THEORY OF LIABILITY, WHETHER IN CONTRACT, STRICT
   128                           ; LIABILITY, OR TORT (INCLUDING NEGLIGENCE OR OTHERWISE) ARISING IN ANY WAY OUT OF THE USE OF
   129                           ; THIS SOFTWARE, EVEN IF ADVISED OF THE POSSIBILITY OF SUCH DAMAGE.
   130                           ; 
   131                           ; 
   132                           ; Code-generator required, PIC18F47K42 Definitions
   133                           ; 
   134                           ; SFR Addresses
   135   000000                     
   136                           	psect	smallconst
   137   002000                     __smallconst:
   138                           	callstack 0
   139                           
   140                           	psect	mediumconst
   141   000000                     __mediumconst:
   142                           	callstack 0	; top of RAM usage
   143                           
   144                           	psect	reset_vec
   145   000000                     
   146                           ; No powerup routine
   147                           ; jump to start
   148   000000  EFFE  F0FF         	goto	start
   149   000000                     
   150                           ;Initialize the stack pointer (FSR1)
   151   000000                     
   152                           	psect	init
   153   01FFFC                     start:
   154                           	callstack 0
   155   01FFFC  EFB5  F014         	goto	start_initialization	;jump to C runtime clear & initialization
   156                           
   157                           	psect	text
   158   000000                     intlevel0:
   159                           	callstack 0
   160   000000                     intlevel1:
   161                           	callstack 0
   162   000000                     intlevel2:
   163                           	callstack 0
   164   000000                     intlevel3:
   165                           	callstack 0
   166                           
   167                           	psect	ramtop
   168   002000                     __ramtop:
   169                           	callstack 0
   170                           
   171                           	psect	stack
   172   000000                     ___sp:
   173                           	callstack 0
   174   000000                     ___inthi_sp:
   175                           	callstack 0
   176   000000                     ___intlo_sp:
   177                           	callstack 0
   178   000000                     ___stack_lo:
   179                           	callstack 0
   180   000000                     ___stack_hi:
   181                           	callstack 0
   182   000000                     ___inthi_stack_lo:
   183                           	callstack 0
   184   000000                     ___inthi_stack_hi:
   185                           	callstack 0
   186   000000                     ___intlo_stack_lo:
   187                           	callstack 0
   188   000000                     ___intlo_stack_hi:
   189                           	callstack 0
   190                           
   191                           ; No heap to be allocated
   192                           
   193                           	psect	heap
   194   000000                     tosu	equ	0x3FFF
   195                           tosh	equ	0x3FFE
   196                           tosl	equ	0x3FFD
   197                           stkptr	equ	0x3FFC
   198                           pclatu	equ	0x3FFB
   199                           pclath	equ	0x3FFA
   200                           pcl	equ	0x3FF9
   201                           tblptru	equ	0x3FF8
   202                           tblptrh	equ	0x3FF7
   203                           tblptrl	equ	0x3FF6
   204                           tablat	equ	0x3FF5
   205                           prodh	equ	0x3FF4
   206                           prodl	equ	0x3FF3
   207                           indf0	equ	0x3FEF
   208                           postinc0	equ	0x3FEE
   209                           postdec0	equ	0x3FED
   210                           preinc0	equ	0x3FEC
   211                           plusw0	equ	0x3FEB
   212                           fsr0h	equ	0x3FEA
   213                           fsr0l	equ	0x3FE9
   214                           wreg	equ	0x3FE8
   215                           indf1	equ	0x3FE7
   216                           postinc1	equ	0x3FE6
   217                           postdec1	equ	0x3FE5
   218                           preinc1	equ	0x3FE4
   219                           plusw1	equ	0x3FE3
   220                           fsr1h	equ	0x3FE2
   221                           fsr1l	equ	0x3FE1
   222                           bsr	equ	0x3FE0
   223                           indf2	equ	0x3FDF
   224                           postinc2	equ	0x3FDE
   225                           postdec2	equ	0x3FDD
   226                           preinc2	equ	0x3FDC
   227                           plusw2	equ	0x3FDB
   228                           fsr2h	equ	0x3FDA
   229                           fsr2l	equ	0x3FD9
   230                           status	equ	0x3FD8


Microchip Technology PIC18 Macro Assembler V2.46 build 20240104201356 
Symbol Table                                                                                               Mon May 06 23:27:35 2024

                __S1 0080                 ___sp 0000                 _main 2578                 start FFFC  
              __HRAM 0000                __LRAM 0001               isa$std 0001     ___inthi_stack_hi 0000  
   ___inthi_stack_lo 0000         __mediumconst 0000               stackhi 0000               stacklo 0000  
         __accesstop 0060           ___inthi_sp 0000           ___intlo_sp 0000           ___stack_hi 0000  
         ___stack_lo 0000     ___intlo_stack_hi 0000     ___intlo_stack_lo 0000              __ramtop 2000  
start_initialization 296A            ___heap_hi 0000            ___heap_lo 0000          __smallconst 2000  
           isa$xinst 0000             intlevel0 0000             intlevel1 0000             intlevel2 0000  
           intlevel3 0000             reset_vec 0000  
