

Microchip MPLAB XC8 Assembler V2.46 build 20240104201356 
                                                                                                           Mon Apr 29 23:50:35 2024


     1                           	processor	18F47K42
     2                           	pagewidth 132
     3                           	psect	const,global,reloc=2,class=CONST,delta=1,noexec
     4                           	psect	smallconst,global,reloc=2,class=SMALLCONST,delta=1,noexec
     5                           	psect	mediumconst,global,reloc=2,class=MEDIUMCONST,delta=1,noexec
     6                           	psect	rbss,global,class=COMRAM,space=1,delta=1,noexec
     7                           	psect	bss,global,class=RAM,space=1,delta=1,noexec
     8                           	psect	rdata,global,class=COMRAM,space=1,delta=1,noexec
     9                           	psect	irdata,global,reloc=2,class=CODE,delta=1,noexec
    10                           	psect	data,global,class=RAM,space=1,delta=1,noexec
    11                           	psect	idata,global,reloc=2,class=CODE,delta=1,noexec
    12                           	psect	nvrram,global,class=COMRAM,space=1,delta=1,noexec
    13                           	psect	nvbit,global,bit,class=COMRAM,space=1,delta=1,noexec
    14                           	psect	temp,global,ovrld,class=COMRAM,space=1,delta=1,noexec
    15                           	psect	struct,global,ovrld,class=COMRAM,space=1,delta=1,noexec
    16                           	psect	rbit,global,bit,class=COMRAM,space=1,delta=1,noexec
    17                           	psect	bigbss,global,class=BIGRAM,space=1,delta=1,noexec
    18                           	psect	bigdata,global,class=BIGRAM,space=1,delta=1,noexec
    19                           	psect	ibigdata,global,reloc=2,class=CODE,delta=1,noexec
    20                           	psect	farbss,global,reloc=2,class=FARRAM,delta=1,noexec
    21                           	psect	nvFARRAM,global,reloc=2,class=FARRAM,delta=1,noexec
    22                           	psect	fardata,global,reloc=2,class=FARRAM,delta=1,noexec
    23                           	psect	ifardata,global,reloc=2,class=CODE,delta=1,noexec
    24                           	psect	reset_vec,global,reloc=2,class=CODE,delta=1
    25                           	psect	powerup,global,reloc=2,class=CODE,delta=1
    26                           	psect	init,global,reloc=2,class=CODE,delta=1
    27                           	psect	text,global,reloc=2,class=CODE,delta=1
    28                           	psect	clrtext,global,reloc=2,class=CODE,delta=1
    29                           	psect	config,global,class=CONFIG,space=4,delta=1,noexec
    30                           	psect	idloc,global,class=IDLOC,space=5,delta=1,noexec
    31                           	psect	eeprom_data,global,class=EEDATA,delta=1,noexec
    32                           	psect	ramtop,global,class=RAM,delta=1,noexec
    33                           	psect	stack,global,class=STACK,space=2,delta=1,noexec
    34                           	psect	heap,global,class=HEAP,space=7,delta=1,noexec
    35                           	psect	comram,global,class=COMRAM,space=1,delta=1
    36                           	psect	abs1,global,class=ABS1,space=1,delta=1
    37                           	psect	bigram,global,class=BIGRAM,space=1,delta=1
    38                           	psect	ram,global,class=RAM,space=1,delta=1
    39                           	psect	bank0,global,class=BANK0,space=1,delta=1
    40                           	psect	bank1,global,class=BANK1,space=1,delta=1
    41                           	psect	bank2,global,class=BANK2,space=1,delta=1
    42                           	psect	bank3,global,class=BANK3,space=1,delta=1
    43                           	psect	bank4,global,class=BANK4,space=1,delta=1
    44                           	psect	bank5,global,class=BANK5,space=1,delta=1
    45                           	psect	bank6,global,class=BANK6,space=1,delta=1
    46                           	psect	bank7,global,class=BANK7,space=1,delta=1
    47                           	psect	bank8,global,class=BANK8,space=1,delta=1
    48                           	psect	bank9,global,class=BANK9,space=1,delta=1
    49                           	psect	bank10,global,class=BANK10,space=1,delta=1
    50                           	psect	bank11,global,class=BANK11,space=1,delta=1
    51                           	psect	bank12,global,class=BANK12,space=1,delta=1
    52                           	psect	bank13,global,class=BANK13,space=1,delta=1
    53                           	psect	bank14,global,class=BANK14,space=1,delta=1
    54                           	psect	bank15,global,class=BANK15,space=1,delta=1
    55                           	psect	bank16,global,class=BANK16,space=1,delta=1
    56                           	psect	bank17,global,class=BANK17,space=1,delta=1
    57                           	psect	bank18,global,class=BANK18,space=1,delta=1
    58                           	psect	bank19,global,class=BANK19,space=1,delta=1
    59                           	psect	bank20,global,class=BANK20,space=1,delta=1
    60                           	psect	bank21,global,class=BANK21,space=1,delta=1
    61                           	psect	bank22,global,class=BANK22,space=1,delta=1
    62                           	psect	bank23,global,class=BANK23,space=1,delta=1
    63                           	psect	bank24,global,class=BANK24,space=1,delta=1
    64                           	psect	bank25,global,class=BANK25,space=1,delta=1
    65                           	psect	bank26,global,class=BANK26,space=1,delta=1
    66                           	psect	bank27,global,class=BANK27,space=1,delta=1
    67                           	psect	bank28,global,class=BANK28,space=1,delta=1
    68                           	psect	bank29,global,class=BANK29,space=1,delta=1
    69                           	psect	bank30,global,class=BANK30,space=1,delta=1
    70                           	psect	bank31,global,class=BANK31,space=1,delta=1
    71                           	psect	sfr,global,class=SFR,space=1,delta=1
    72                           	psect	bigsfr,global,class=BIGSFR,space=1,delta=1
    73                           
    74                           ; Microchip MPLAB XC8 C Compiler V2.46
    75                           ; Copyright (C) 2024 Microchip Technology Inc.
    76                           ; Auto-generated runtime startup code for final link stage.
    77                           ;
    78                           ; Compiler options:
    79                           ;
    80                           ; -q --opt=none --chip=18f47k42 \
    81                           ; -Mdist/default/production/Interfacing_Sensors.X.production.map \
    82                           ; -DXPRJ_default=default -L--defsym=__MPLAB_BUILD=1 \
    83                           ; --dfp=D:/SSU/packs/Microchip/PIC18F-K_DFP/1.13.292/xc8 --opt=+asmfile \
    84                           ; --addrqual=ignore -P --warn=-3 --asmlist --std=c99 \
    85                           ; --output=+elf:multilocs --stack=compiled:auto:auto:auto \
    86                           ; --summary=+xml --summarydir=dist/default/production/memoryfile.xml \
    87                           ; -oInterfacing_Sensors.X.production.elf \
    88                           ; --objdir=dist/default/production --outdir=dist/default/production \
    89                           ; build/default/production/Interfacing_Sensors.p1 \
    90                           ; -L--fixupoverflow=error --callgraph=none \
    91                           ; --errformat=%f:%l:%c: error: (%n) %s \
    92                           ; --warnformat=%f:%l:%c: warning: (%n) %s \
    93                           ; --msgformat=%f:%l:%c: advisory: (%n) %s
    94                           ;
    95   000000                     
    96                           ; Generated 12/10/2023 GMT
    97                           ; 
    98                           ; Copyright © 2023, Microchip Technology Inc. and its subsidiaries ("Microchip")
    99                           ; All rights reserved.
   100                           ; 
   101                           ; This software is developed by Microchip Technology Inc. and its subsidiaries ("Microchip").
   102                           ; 
   103                           ; Redistribution and use in source and binary forms, with or without modification, are
   104                           ; permitted provided that the following conditions are met:
   105                           ; 
   106                           ;     1. Redistributions of source code must retain the above copyright notice, this list of
   107                           ;        conditions and the following disclaimer.
   108                           ; 
   109                           ;     2. Redistributions in binary form must reproduce the above copyright notice, this list
   110                           ;        of conditions and the following disclaimer in the documentation and/or other
   111                           ;        materials provided with the distribution. Publication is not required when
   112                           ;        this file is used in an embedded application.
   113                           ; 
   114                           ;     3. Microchip's name may not be used to endorse or promote products derived from this
   115                           ;        software without specific prior written permission.
   116                           ; 
   117                           ; THIS SOFTWARE IS PROVIDED BY MICROCHIP "AS IS" AND ANY EXPRESS OR IMPLIED WARRANTIES,
   118                           ; INCLUDING, BUT NOT LIMITED TO, THE IMPLIED WARRANTIES OF MERCHANTABILITY AND FITNESS FOR
   119                           ; PURPOSE ARE DISCLAIMED.  IN NO EVENT SHALL MICROCHIP BE LIABLE FOR ANY DIRECT, INDIRECT,
   120                           ; INCIDENTAL, SPECIAL, EXEMPLARY, OR CONSEQUENTIAL DAMAGES (INCLUDING BUT NOT LIMITED TO
   121                           ; PROCUREMENT OF SUBSTITUTE GOODS OR SERVICES; LOSS OF USE, DATA OR PROFITS; OR BUSINESS
   122                           ; INTERRUPTION) HOWSOEVER CAUSED AND ON ANY THEORY OF LIABILITY, WHETHER IN CONTRACT, STRICT
   123                           ; LIABILITY, OR TORT (INCLUDING NEGLIGENCE OR OTHERWISE) ARISING IN ANY WAY OUT OF THE USE OF
   124                           ; THIS SOFTWARE, EVEN IF ADVISED OF THE POSSIBILITY OF SUCH DAMAGE.
   125                           ; 
   126                           ; 
   127                           ; Code-generator required, PIC18F47K42 Definitions
   128                           ; 
   129                           ; SFR Addresses
   130   000000                     
   131                           	psect	smallconst
   132   002000                     __smallconst:
   133                           	callstack 0
   134                           
   135                           	psect	mediumconst
   136   000000                     __mediumconst:
   137                           	callstack 0	; top of RAM usage
   138                           
   139                           	psect	reset_vec
   140   000000                     
   141                           ; No powerup routine
   142                           ; jump to start
   143   000000  EF57  F020         	goto	start
   144   000000                     
   145                           ;Initialize the stack pointer (FSR1)
   146   000000                     
   147                           	psect	init
   148   0040AE                     start:
   149                           	callstack 0
   150   0040AE  EFF1  F020         	goto	start_initialization	;jump to C runtime clear & initialization
   151                           
   152                           	psect	text
   153   000000                     intlevel0:
   154                           	callstack 0
   155   000000                     intlevel1:
   156                           	callstack 0
   157   000000                     intlevel2:
   158                           	callstack 0
   159   000000                     intlevel3:
   160                           	callstack 0
   161                           
   162                           	psect	ramtop
   163   002000                     __ramtop:
   164                           	callstack 0
   165                           
   166                           	psect	stack
   167   000000                     ___sp:
   168                           	callstack 0
   169   000000                     ___inthi_sp:
   170                           	callstack 0
   171   000000                     ___intlo_sp:
   172                           	callstack 0
   173   000000                     ___stack_lo:
   174                           	callstack 0
   175   000000                     ___stack_hi:
   176                           	callstack 0
   177   000000                     ___inthi_stack_lo:
   178                           	callstack 0
   179   000000                     ___inthi_stack_hi:
   180                           	callstack 0
   181   000000                     ___intlo_stack_lo:
   182                           	callstack 0
   183   000000                     ___intlo_stack_hi:
   184                           	callstack 0
   185                           
   186                           ; No heap to be allocated
   187                           
   188                           	psect	heap
   189   000000                     tosu	equ	0x3FFF
   190                           tosh	equ	0x3FFE
   191                           tosl	equ	0x3FFD
   192                           stkptr	equ	0x3FFC
   193                           pclatu	equ	0x3FFB
   194                           pclath	equ	0x3FFA
   195                           pcl	equ	0x3FF9
   196                           tblptru	equ	0x3FF8
   197                           tblptrh	equ	0x3FF7
   198                           tblptrl	equ	0x3FF6
   199                           tablat	equ	0x3FF5
   200                           prodh	equ	0x3FF4
   201                           prodl	equ	0x3FF3
   202                           indf0	equ	0x3FEF
   203                           postinc0	equ	0x3FEE
   204                           postdec0	equ	0x3FED
   205                           preinc0	equ	0x3FEC
   206                           plusw0	equ	0x3FEB
   207                           fsr0h	equ	0x3FEA
   208                           fsr0l	equ	0x3FE9
   209                           wreg	equ	0x3FE8
   210                           indf1	equ	0x3FE7
   211                           postinc1	equ	0x3FE6
   212                           postdec1	equ	0x3FE5
   213                           preinc1	equ	0x3FE4
   214                           plusw1	equ	0x3FE3
   215                           fsr1h	equ	0x3FE2
   216                           fsr1l	equ	0x3FE1
   217                           bsr	equ	0x3FE0
   218                           indf2	equ	0x3FDF
   219                           postinc2	equ	0x3FDE
   220                           postdec2	equ	0x3FDD
   221                           preinc2	equ	0x3FDC
   222                           plusw2	equ	0x3FDB
   223                           fsr2h	equ	0x3FDA
   224                           fsr2l	equ	0x3FD9
   225                           status	equ	0x3FD8


Microchip Technology PIC18 Macro Assembler V2.46 build 20240104201356 
Symbol Table                                                                                               Mon Apr 29 23:50:35 2024

                __S1 0029                 ___sp 0000                 _main 0090                 start 40AE  
              __HRAM 0000                __LRAM 0001               isa$std 0001     ___inthi_stack_hi 0000  
   ___inthi_stack_lo 0000         __mediumconst 0000               stackhi 0000               stacklo 0000  
         __accesstop 0060           ___inthi_sp 0000           ___intlo_sp 0000           ___stack_hi 0000  
         ___stack_lo 0000     ___intlo_stack_hi 0000     ___intlo_stack_lo 0000              __ramtop 2000  
start_initialization 41E2            ___heap_hi 0000            ___heap_lo 0000          __smallconst 2000  
           isa$xinst 0000             intlevel0 0000             intlevel1 0000             intlevel2 0000  
           intlevel3 0000             reset_vec 0000  
